[20:25:31:382 2025-02-23] [PROGRESS] >                                                  0%
[20:25:31:489 2025-02-23] [PROGRESS] #>                                                 2%
[20:25:31:596 2025-02-23] [PROGRESS] ##>                                                4%
[20:25:31:705 2025-02-23] [PROGRESS] ###>                                               6%
[20:25:31:814 2025-02-23] [PROGRESS] ####>                                              8%
[20:25:31:922 2025-02-23] [PROGRESS] #####>                                             10%
[20:25:32:030 2025-02-23] [PROGRESS] ######>                                            12%
[20:25:32:138 2025-02-23] [PROGRESS] #######>                                           14%
[20:25:32:249 2025-02-23] [PROGRESS] ########>                                          16%
[20:25:32:356 2025-02-23] [PROGRESS] #########>                                         18%
[20:25:32:465 2025-02-23] [PROGRESS] ##########>                                        20%
[20:25:32:574 2025-02-23] [PROGRESS] ###########>                                       22%
[20:25:32:684 2025-02-23] [PROGRESS] ############>                                      24%
[20:25:32:793 2025-02-23] [PROGRESS] #############>                                     26%
[20:25:32:903 2025-02-23] [PROGRESS] ##############>                                    28%
[20:25:33:012 2025-02-23] [PROGRESS] ###############>                                   30%
[20:25:33:119 2025-02-23] [PROGRESS] ################>                                  32%
[20:25:33:229 2025-02-23] [PROGRESS] #################>                                 34%
[20:25:33:338 2025-02-23] [PROGRESS] ##################>                                36%
[20:25:33:448 2025-02-23] [PROGRESS] ###################>                               38%
[20:25:33:556 2025-02-23] [PROGRESS] ####################>                              40%
[20:25:33:665 2025-02-23] [PROGRESS] #####################>                             42%
[20:25:33:775 2025-02-23] [PROGRESS] ######################>                            44%
[20:25:33:883 2025-02-23] [PROGRESS] #######################>                           46%
[20:25:33:993 2025-02-23] [PROGRESS] ########################>                          48%
[20:25:34:102 2025-02-23] [PROGRESS] #########################>                         50%
[20:25:34:211 2025-02-23] [PROGRESS] ##########################>                        52%
[20:25:34:321 2025-02-23] [PROGRESS] ###########################>                       54%
[20:25:34:431 2025-02-23] [PROGRESS] ############################>                      56%
[20:25:34:540 2025-02-23] [PROGRESS] #############################>                     58%
[20:25:34:649 2025-02-23] [PROGRESS] ##############################>                    60%
[20:25:34:758 2025-02-23] [PROGRESS] ###############################>                   62%
[20:25:34:867 2025-02-23] [PROGRESS] ################################>                  64%
[20:25:34:974 2025-02-23] [PROGRESS] #################################>                 66%
[20:25:35:083 2025-02-23] [PROGRESS] ##################################>                68%
[20:25:35:191 2025-02-23] [PROGRESS] ###################################>               70%
[20:25:35:300 2025-02-23] [PROGRESS] ####################################>              72%
[20:25:35:409 2025-02-23] [PROGRESS] #####################################>             74%
[20:25:35:518 2025-02-23] [PROGRESS] ######################################>            76%
[20:25:35:626 2025-02-23] [PROGRESS] #######################################>           78%
[20:25:35:734 2025-02-23] [PROGRESS] ########################################>          80%
[20:25:35:841 2025-02-23] [PROGRESS] #########################################>         82%
[20:25:35:952 2025-02-23] [PROGRESS] ##########################################>        84%
[20:25:36:061 2025-02-23] [PROGRESS] ###########################################>       86%
[20:25:36:169 2025-02-23] [PROGRESS] ############################################>      88%
[20:25:36:276 2025-02-23] [PROGRESS] #############################################>     90%
[20:25:36:384 2025-02-23] [PROGRESS] ##############################################>    92%
[20:25:36:492 2025-02-23] [PROGRESS] ###############################################>   94%
[20:25:36:601 2025-02-23] [PROGRESS] ################################################>  96%
[20:25:36:711 2025-02-23] [PROGRESS] #################################################> 98%
[20:26:27:956 2025-02-23] [PROGRESS] >                                                  0%
[20:26:28:065 2025-02-23] [PROGRESS] #>                                                 2%
[20:26:28:174 2025-02-23] [PROGRESS] ##>                                                4%
[20:26:28:282 2025-02-23] [PROGRESS] ###>                                               6%
[20:26:28:390 2025-02-23] [PROGRESS] ####>                                              8%
[20:26:28:499 2025-02-23] [PROGRESS] #####>                                             10%
[20:26:28:607 2025-02-23] [PROGRESS] ######>                                            12%
[20:26:28:714 2025-02-23] [PROGRESS] #######>                                           14%
[20:26:28:825 2025-02-23] [PROGRESS] ########>                                          16%
[20:26:28:934 2025-02-23] [PROGRESS] #########>                                         18%
[20:26:29:044 2025-02-23] [PROGRESS] ##########>                                        20%
[20:26:29:153 2025-02-23] [PROGRESS] ###########>                                       22%
[20:26:29:262 2025-02-23] [PROGRESS] ############>                                      24%
[20:26:29:371 2025-02-23] [PROGRESS] #############>                                     26%
[20:26:29:480 2025-02-23] [PROGRESS] ##############>                                    28%
[20:26:29:586 2025-02-23] [PROGRESS] ###############>                                   30%
[20:26:29:698 2025-02-23] [PROGRESS] ################>                                  32%
[20:26:29:805 2025-02-23] [PROGRESS] #################>                                 34%
[20:26:29:915 2025-02-23] [PROGRESS] ##################>                                36%
[20:26:30:023 2025-02-23] [PROGRESS] ###################>                               38%
[20:26:30:132 2025-02-23] [PROGRESS] ####################>                              40%
[20:26:30:241 2025-02-23] [PROGRESS] #####################>                             42%
[20:26:30:350 2025-02-23] [PROGRESS] ######################>                            44%
[20:26:30:460 2025-02-23] [PROGRESS] #######################>                           46%
[20:26:30:568 2025-02-23] [PROGRESS] ########################>                          48%
[20:26:30:677 2025-02-23] [PROGRESS] #########################>                         50%
[20:26:30:785 2025-02-23] [PROGRESS] ##########################>                        52%
[20:26:30:895 2025-02-23] [PROGRESS] ###########################>                       54%
[20:26:31:003 2025-02-23] [PROGRESS] ############################>                      56%
[20:26:31:112 2025-02-23] [PROGRESS] #############################>                     58%
[20:26:31:220 2025-02-23] [PROGRESS] ##############################>                    60%
[20:26:31:331 2025-02-23] [PROGRESS] ###############################>                   62%
[20:26:31:442 2025-02-23] [PROGRESS] ################################>                  64%
[20:26:31:551 2025-02-23] [PROGRESS] #################################>                 66%
[20:26:31:660 2025-02-23] [PROGRESS] ##################################>                68%
[20:26:31:769 2025-02-23] [PROGRESS] ###################################>               70%
[20:26:31:876 2025-02-23] [PROGRESS] ####################################>              72%
[20:26:31:984 2025-02-23] [PROGRESS] #####################################>             74%
[20:26:32:093 2025-02-23] [PROGRESS] ######################################>            76%
[20:26:32:202 2025-02-23] [PROGRESS] #######################################>           78%
[20:26:32:310 2025-02-23] [PROGRESS] ########################################>          80%
[20:26:32:420 2025-02-23] [PROGRESS] #########################################>         82%
[20:26:32:529 2025-02-23] [PROGRESS] ##########################################>        84%
[20:26:32:638 2025-02-23] [PROGRESS] ###########################################>       86%
[20:26:32:746 2025-02-23] [PROGRESS] ############################################>      88%
[20:26:32:855 2025-02-23] [PROGRESS] #############################################>     90%
[20:26:32:963 2025-02-23] [PROGRESS] ##############################################>    92%
[20:26:33:070 2025-02-23] [PROGRESS] ###############################################>   94%
[20:26:33:178 2025-02-23] [PROGRESS] ################################################>  96%
[20:26:33:286 2025-02-23] [PROGRESS] #################################################> 98%
[20:26:33:394 2025-02-23] [PROGRESS] ##################################################> 100%
[20:27:12:617 2025-02-23] [PROGRESS] >                                                  0%
[20:27:12:725 2025-02-23] [PROGRESS] #>                                                 2%
[20:27:12:835 2025-02-23] [PROGRESS] ##>                                                4%
[20:27:12:944 2025-02-23] [PROGRESS] ###>                                               6%
[20:27:13:053 2025-02-23] [PROGRESS] ####>                                              8%
[20:27:13:162 2025-02-23] [PROGRESS] #####>                                             10%
[20:27:13:273 2025-02-23] [PROGRESS] ######>                                            12%
[20:27:13:380 2025-02-23] [PROGRESS] #######>                                           14%
[20:27:13:490 2025-02-23] [PROGRESS] ########>                                          16%
[20:27:13:597 2025-02-23] [PROGRESS] #########>                                         18%
[20:27:13:705 2025-02-23] [PROGRESS] ##########>                                        20%
[20:27:13:813 2025-02-23] [PROGRESS] ###########>                                       22%
[20:27:13:923 2025-02-23] [PROGRESS] ############>                                      24%
[20:27:14:032 2025-02-23] [PROGRESS] #############>                                     26%
[20:27:14:140 2025-02-23] [PROGRESS] ##############>                                    28%
[20:27:14:250 2025-02-23] [PROGRESS] ###############>                                   30%
[20:27:14:360 2025-02-23] [PROGRESS] ################>                                  32%
[20:27:14:470 2025-02-23] [PROGRESS] #################>                                 34%
[20:27:14:578 2025-02-23] [PROGRESS] ##################>                                36%
[20:27:14:687 2025-02-23] [PROGRESS] ###################>                               38%
[20:27:14:796 2025-02-23] [PROGRESS] ####################>                              40%
[20:27:14:904 2025-02-23] [PROGRESS] #####################>                             42%
[20:27:15:012 2025-02-23] [PROGRESS] ######################>                            44%
[20:27:15:121 2025-02-23] [PROGRESS] #######################>                           46%
[20:27:15:230 2025-02-23] [PROGRESS] ########################>                          48%
[20:27:15:341 2025-02-23] [PROGRESS] #########################>                         50%
[20:27:15:449 2025-02-23] [PROGRESS] ##########################>                        52%
[20:27:15:559 2025-02-23] [PROGRESS] ###########################>                       54%
[20:27:15:667 2025-02-23] [PROGRESS] ############################>                      56%
[20:27:15:775 2025-02-23] [PROGRESS] #############################>                     58%
[20:27:15:886 2025-02-23] [PROGRESS] ##############################>                    60%
[20:27:15:995 2025-02-23] [PROGRESS] ###############################>                   62%
[20:27:16:104 2025-02-23] [PROGRESS] ################################>                  64%
[20:27:16:212 2025-02-23] [PROGRESS] #################################>                 66%
[20:27:16:321 2025-02-23] [PROGRESS] ##################################>                68%
[20:27:16:432 2025-02-23] [PROGRESS] ###################################>               70%
[20:27:16:540 2025-02-23] [PROGRESS] ####################################>              72%
[20:27:16:650 2025-02-23] [PROGRESS] #####################################>             74%
[20:27:16:757 2025-02-23] [PROGRESS] ######################################>            76%
[20:27:16:866 2025-02-23] [PROGRESS] #######################################>           78%
[20:27:16:974 2025-02-23] [PROGRESS] ########################################>          80%
[20:27:17:083 2025-02-23] [PROGRESS] #########################################>         82%
[20:27:17:192 2025-02-23] [PROGRESS] ##########################################>        84%
[20:27:17:302 2025-02-23] [PROGRESS] ###########################################>       86%
[20:27:17:409 2025-02-23] [PROGRESS] ############################################>      88%
[20:27:17:518 2025-02-23] [PROGRESS] #############################################>     90%
[20:27:17:629 2025-02-23] [PROGRESS] ##############################################>    92%
[20:27:17:738 2025-02-23] [PROGRESS] ###############################################>   94%
[20:27:17:849 2025-02-23] [PROGRESS] ################################################>  96%
[20:27:17:956 2025-02-23] [PROGRESS] #################################################> 98%
[20:27:18:066 2025-02-23] [PROGRESS] ##################################################> 100%
[20:32:22:096 2025-02-23] [PROGRESS] >                                                  0%
[20:32:22:204 2025-02-23] [PROGRESS] #>                                                 2%
[20:32:22:313 2025-02-23] [PROGRESS] ##>                                                4%
[20:32:22:421 2025-02-23] [PROGRESS] ###>                                               6%
[20:32:22:529 2025-02-23] [PROGRESS] ####>                                              8%
[20:32:22:635 2025-02-23] [PROGRESS] #####>                                             10%
[20:32:22:743 2025-02-23] [PROGRESS] ######>                                            12%
[20:32:22:851 2025-02-23] [PROGRESS] #######>                                           14%
[20:32:22:960 2025-02-23] [PROGRESS] ########>                                          16%
[20:32:23:068 2025-02-23] [PROGRESS] #########>                                         18%
[20:32:23:176 2025-02-23] [PROGRESS] ##########>                                        20%
[20:32:23:285 2025-02-23] [PROGRESS] ###########>                                       22%
[20:32:23:394 2025-02-23] [PROGRESS] ############>                                      24%
[20:32:23:503 2025-02-23] [PROGRESS] #############>                                     26%
[20:32:23:611 2025-02-23] [PROGRESS] ##############>                                    28%
[20:32:23:720 2025-02-23] [PROGRESS] ###############>                                   30%
[20:32:23:829 2025-02-23] [PROGRESS] ################>                                  32%
[20:32:23:936 2025-02-23] [PROGRESS] #################>                                 34%
[20:32:24:044 2025-02-23] [PROGRESS] ##################>                                36%
[20:32:24:154 2025-02-23] [PROGRESS] ###################>                               38%
[20:32:24:263 2025-02-23] [PROGRESS] ####################>                              40%
[20:32:24:371 2025-02-23] [PROGRESS] #####################>                             42%
[20:32:24:481 2025-02-23] [PROGRESS] ######################>                            44%
[20:32:24:589 2025-02-23] [PROGRESS] #######################>                           46%
[20:32:24:698 2025-02-23] [PROGRESS] ########################>                          48%
[20:32:24:806 2025-02-23] [PROGRESS] #########################>                         50%
[20:32:24:914 2025-02-23] [PROGRESS] ##########################>                        52%
[20:32:25:023 2025-02-23] [PROGRESS] ###########################>                       54%
[20:32:25:131 2025-02-23] [PROGRESS] ############################>                      56%
[20:32:25:241 2025-02-23] [PROGRESS] #############################>                     58%
[20:32:25:351 2025-02-23] [PROGRESS] ##############################>                    60%
[20:32:25:460 2025-02-23] [PROGRESS] ###############################>                   62%
[20:32:25:570 2025-02-23] [PROGRESS] ################################>                  64%
[20:32:25:677 2025-02-23] [PROGRESS] #################################>                 66%
[20:32:25:785 2025-02-23] [PROGRESS] ##################################>                68%
[20:32:25:892 2025-02-23] [PROGRESS] ###################################>               70%
[20:32:25:999 2025-02-23] [PROGRESS] ####################################>              72%
[20:32:26:108 2025-02-23] [PROGRESS] #####################################>             74%
[20:32:26:217 2025-02-23] [PROGRESS] ######################################>            76%
[20:32:26:325 2025-02-23] [PROGRESS] #######################################>           78%
[20:32:26:436 2025-02-23] [PROGRESS] ########################################>          80%
[20:32:26:546 2025-02-23] [PROGRESS] #########################################>         82%
[20:32:26:655 2025-02-23] [PROGRESS] ##########################################>        84%
[20:32:26:764 2025-02-23] [PROGRESS] ###########################################>       86%
[20:32:26:873 2025-02-23] [PROGRESS] ############################################>      88%
[20:32:26:979 2025-02-23] [PROGRESS] #############################################>     90%
[20:32:27:088 2025-02-23] [PROGRESS] ##############################################>    92%
[20:32:27:197 2025-02-23] [PROGRESS] ###############################################>   94%
[20:32:27:308 2025-02-23] [PROGRESS] ################################################>  96%
[20:32:27:417 2025-02-23] [PROGRESS] #################################################> 98%
[20:32:27:526 2025-02-23] [PROGRESS] ##################################################> 100%
[20:32:34:361 2025-02-23] [PROGRESS] >                                                  0%
[20:32:34:469 2025-02-23] [PROGRESS] =>                                                 2%
[20:32:34:579 2025-02-23] [PROGRESS] ==>                                                4%
[20:32:34:688 2025-02-23] [PROGRESS] ===>                                               6%
[20:32:34:797 2025-02-23] [PROGRESS] ====>                                              8%
[20:32:34:904 2025-02-23] [PROGRESS] =====>                                             10%
[20:32:35:012 2025-02-23] [PROGRESS] ======>                                            12%
[20:32:35:122 2025-02-23] [PROGRESS] =======>                                           14%
[20:32:35:231 2025-02-23] [PROGRESS] ========>                                          16%
[20:32:35:340 2025-02-23] [PROGRESS] =========>                                         18%
[20:32:35:448 2025-02-23] [PROGRESS] ==========>                                        20%
[20:32:35:558 2025-02-23] [PROGRESS] ===========>                                       22%
[20:32:35:666 2025-02-23] [PROGRESS] ============>                                      24%
[20:32:35:773 2025-02-23] [PROGRESS] =============>                                     26%
[20:32:35:882 2025-02-23] [PROGRESS] ==============>                                    28%
[20:32:35:990 2025-02-23] [PROGRESS] ===============>                                   30%
[20:32:36:098 2025-02-23] [PROGRESS] ================>                                  32%
[20:32:36:207 2025-02-23] [PROGRESS] =================>                                 34%
[20:32:36:316 2025-02-23] [PROGRESS] ==================>                                36%
[20:32:36:424 2025-02-23] [PROGRESS] ===================>                               38%
[20:32:36:533 2025-02-23] [PROGRESS] ====================>                              40%
[20:32:36:641 2025-02-23] [PROGRESS] =====================>                             42%
[20:32:36:749 2025-02-23] [PROGRESS] ======================>                            44%
[20:32:36:858 2025-02-23] [PROGRESS] =======================>                           46%
[20:32:36:966 2025-02-23] [PROGRESS] ========================>                          48%
[20:32:37:074 2025-02-23] [PROGRESS] =========================>                         50%
[20:32:37:184 2025-02-23] [PROGRESS] ==========================>                        52%
[20:32:37:293 2025-02-23] [PROGRESS] ===========================>                       54%
[20:32:37:402 2025-02-23] [PROGRESS] ============================>                      56%
[20:32:37:509 2025-02-23] [PROGRESS] =============================>                     58%
[20:32:37:618 2025-02-23] [PROGRESS] ==============================>                    60%
[20:32:37:726 2025-02-23] [PROGRESS] ===============================>                   62%
[20:32:37:835 2025-02-23] [PROGRESS] ================================>                  64%
[20:32:37:943 2025-02-23] [PROGRESS] =================================>                 66%
[20:32:38:051 2025-02-23] [PROGRESS] ==================================>                68%
[20:32:38:159 2025-02-23] [PROGRESS] ===================================>               70%
[20:32:38:268 2025-02-23] [PROGRESS] ====================================>              72%
[20:32:38:377 2025-02-23] [PROGRESS] =====================================>             74%
[20:32:38:485 2025-02-23] [PROGRESS] ======================================>            76%
[20:32:38:593 2025-02-23] [PROGRESS] =======================================>           78%
[20:32:38:702 2025-02-23] [PROGRESS] ========================================>          80%
[20:32:38:811 2025-02-23] [PROGRESS] =========================================>         82%
[20:32:38:919 2025-02-23] [PROGRESS] ==========================================>        84%
[20:32:39:029 2025-02-23] [PROGRESS] ===========================================>       86%
[20:32:39:140 2025-02-23] [PROGRESS] ============================================>      88%
[20:32:39:247 2025-02-23] [PROGRESS] =============================================>     90%
[20:32:39:355 2025-02-23] [PROGRESS] ==============================================>    92%
[20:32:39:463 2025-02-23] [PROGRESS] ===============================================>   94%
[20:32:39:572 2025-02-23] [PROGRESS] ================================================>  96%
[20:32:39:681 2025-02-23] [PROGRESS] =================================================> 98%
[20:32:39:790 2025-02-23] [PROGRESS] ==================================================> 100%
